16.02.2021 - 12:39:30 - [TAB v2.8.11-pre4 Premium] Something just tried to add player MonzterSlayer into team CMINP127
16.02.2021 - 12:41:18 - [TAB v2.8.11-pre4 Premium] Something just tried to add player MonzterSlayer into team CMINP127
16.02.2021 - 12:45:15 - [TAB v2.8.11-pre4 Premium] Something just tried to add player MonzterSlayer into team CMINP127
16.02.2021 - 12:57:11 - [TAB v2.8.11-pre4 Premium] Something just tried to add player MonzterSlayer into team CMINP127
16.02.2021 - 13:01:37 - [TAB v2.8.11-pre4 Premium] Something just tried to add player MonzterSlayer into team CMINP127
17.02.2021 - 00:08:11 - [TAB v2.8.11-pre4 Premium] Something just tried to add player MonzterSlayer into team CMINP127
17.02.2021 - 00:11:36 - [TAB v2.8.11-pre4 Premium] Something just tried to add player MonzterSlayer into team CMINP127
17.02.2021 - 01:24:43 - [TAB v2.8.11-pre4 Premium] Something just tried to add player MonzterSlayer into team CMINP127
17.02.2021 - 07:01:13 - [TAB v2.8.11-pre4 Premium] Something just tried to add player MonzterSlayer into team CMINP127
17.02.2021 - 08:05:53 - [TAB v2.8.11-pre4 Premium] Something just tried to add player MonzterSlayer into team CMINP127
17.02.2021 - 09:25:35 - [TAB v2.8.11-pre4 Premium] Something just tried to add player MonzterSlayer into team CMINP127
17.02.2021 - 10:02:50 - [TAB v2.8.11-pre4 Premium] Something just tried to add player MonzterSlayer into team CMINP127
17.02.2021 - 12:06:49 - [TAB v2.8.11-pre4 Premium] Something just tried to add player Mi9T into team CMINP0
17.02.2021 - 12:10:01 - [TAB v2.8.11-pre4 Premium] Something just tried to add player Mi9T into team CMINP0
17.02.2021 - 12:10:01 - [TAB v2.8.11-pre4 Premium] Something just tried to add player Mi9T into team CMINP263
17.02.2021 - 12:16:08 - [TAB v2.8.11-pre4 Premium] Something just tried to add player Mi9T into team CMINP263
17.02.2021 - 12:38:26 - [TAB v2.8.11-pre4 Premium] Something just tried to add player Mi9T into team CMINP263
17.02.2021 - 13:57:24 - [TAB v2.8.11-pre4 Premium] Something just tried to add player Mi9T into team CMINP263
17.02.2021 - 14:03:16 - [TAB v2.8.11-pre4 Premium] Something just tried to add player iGentleman into team CMINP0
17.02.2021 - 14:03:16 - [TAB v2.8.11-pre4 Premium] Something just tried to add player Mi9T into team CMINP263
17.02.2021 - 14:06:19 - [TAB v2.8.11-pre4 Premium] Something just tried to add player Mi9T into team CMINP263
17.02.2021 - 14:07:40 - [TAB v2.8.11-pre4 Premium] Something just tried to add player iGentleman into team CMINP264
17.02.2021 - 14:14:48 - [TAB v2.8.11-pre4 Premium] Something just tried to add player Mi9T into team CMINP263
18.02.2021 - 10:05:54 - [TAB v2.8.11-pre4 Premium] Something just tried to add player MonzterSlayer into team CMINP127
20.02.2021 - 17:37:23 - [TAB v2.8.11-pre4 Premium] Something just tried to add player MonzterSlayer into team CMINP127
20.02.2021 - 17:56:04 - [TAB v2.8.11-pre4 Premium] Something just tried to add player MonzterSlayer into team CMINP127
20.02.2021 - 18:24:11 - [TAB v2.8.11-pre4 Premium] Something just tried to add player Perryyyy_VN into team CMINP0
20.02.2021 - 19:27:58 - [TAB v2.8.11-pre4 Premium] Something just tried to add player MonzterSlayer into team CMINP127
20.02.2021 - 19:30:43 - [TAB v2.8.11-pre4 Premium] Something just tried to add player MonzterYT into team CMINP192
20.02.2021 - 19:30:55 - [TAB v2.8.11-pre4 Premium] Something just tried to add player MonzterYT into team CMINP192
20.02.2021 - 19:59:42 - [TAB v2.8.11-pre4 Premium] Something just tried to add player MonzterYT into team CMINP192
20.02.2021 - 20:04:19 - [TAB v2.8.11-pre4 Premium] Something just tried to add player MonzterSlayer into team CMINP127
20.02.2021 - 20:18:24 - [TAB v2.8.11-pre4 Premium] Something just tried to add player MonzterYT into team CMINP192
20.02.2021 - 20:41:17 - [TAB v2.8.11-pre4 Premium] Something just tried to add player MonzterSlayer into team CMINP127
20.02.2021 - 20:42:13 - [TAB v2.8.11-pre4 Premium] Something just tried to add player MonzterYT into team CMINP192
20.02.2021 - 20:49:41 - [TAB v2.8.11-pre4 Premium] Something just tried to add player MonzterYT into team CMINP192
20.02.2021 - 20:51:58 - [TAB v2.8.11-pre4 Premium] Something just tried to add player MonzterYT into team CMINP192
20.02.2021 - 20:53:42 - [TAB v2.8.11-pre4 Premium] Something just tried to add player MonzterYT into team CMINP192
20.02.2021 - 21:51:25 - [TAB v2.8.11-pre4 Premium] Something just tried to add player MonzterSlayer into team CMINP127
20.02.2021 - 22:12:43 - [TAB v2.8.11-pre4 Premium] Something just tried to add player MonzterSlayer into team CMINP127
20.02.2021 - 22:15:02 - [TAB v2.8.11-pre4 Premium] Something just tried to add player MonzterSlayer into team CMINP127
20.02.2021 - 22:21:16 - [TAB v2.8.11-pre4 Premium] Something just tried to add player MonzterYT into team CMINP192
20.02.2021 - 23:45:14 - [TAB v2.8.11-pre4 Premium] Something just tried to add player MonzterSlayer into team CMINP127
20.02.2021 - 23:57:54 - [TAB v2.8.11-pre4 Premium] Something just tried to add player MonzterSlayer into team CMINP127
21.02.2021 - 00:09:25 - [TAB v2.8.11-pre4 Premium] Something just tried to add player MonzterSlayer into team CMINP127
21.02.2021 - 02:26:24 - [TAB v2.8.11-pre4 Premium] Something just tried to add player MonzterSlayer into team CMINP127
21.02.2021 - 02:42:18 - [TAB v2.8.11-pre4 Premium] Something just tried to add player Sek into team CMINP88
21.02.2021 - 03:45:38 - [TAB v2.8.11-pre4 Premium] Something just tried to add player MonzterSlayer into team CMINP127
21.02.2021 - 20:53:27 - [TAB v2.8.11-pre4 Premium] Something just tried to add player MonzterSlayer into team CMINP127
21.02.2021 - 22:02:37 - [TAB v2.8.11-pre4 Premium] Something just tried to add player MonzterSlayer into team CMINP127
21.02.2021 - 22:05:08 - [TAB v2.8.11-pre4 Premium] Something just tried to add player MonzterSlayer into team CMINP127
21.02.2021 - 22:07:16 - [TAB v2.8.11-pre4 Premium] Something just tried to add player MonzterSlayer into team CMINP127
21.02.2021 - 22:12:30 - [TAB v2.8.11-pre4 Premium] Something just tried to add player MonzterSlayer into team CMINP127
21.02.2021 - 22:20:52 - [TAB v2.8.11-pre4 Premium] Something just tried to add player MonzterSlayer into team CMINP127
21.02.2021 - 22:25:19 - [TAB v2.8.11-pre4 Premium] Something just tried to add player MonzterSlayer into team CMINP127
21.02.2021 - 22:33:22 - [TAB v2.8.11-pre4 Premium] Something just tried to add player MonzterSlayer into team CMINP127
