[Wed, 16. Dec 2020 01:22:46 CET | ID 788550474898735126] AdventuresCraft - Live: [Wed, 16. Dec 2020 01:20:45 CET WARN] Wed Dec 16 01:20:45 CET 2020 WARN: Establishing SSL connection without server's identity verification is not recommended. According to MySQL 5.5.45+, 5.6.26+ and 5.7.6+ requirements SSL connection must be established by default if explicit option isn't set. For compliance with existing applications not using SSL the verifyServerCertificate property is set to 'false'. You need either to explicitly disable SSL by setting useSSL=false, or set useSSL=true and provide truststore for server certificate verification.
[Wed, 16. Dec 2020 01:20:45 CET INFO] HikariPool-1 - Start completed.
[Wed, 16. Dec 2020 01:20:45 CET INFO] Hooked onto Vault
[Wed, 16. Dec 2020 01:20:45 CET INFO] Successfully registered expansion: mmocore
[Wed, 16. Dec 2020 01:20:45 CET INFO] Hooked onto PlaceholderAPI
[Wed, 16. Dec 2020 01:20:45 CET INFO] Hooked onto Citizens
[Wed, 16. Dec 2020 01:20:45 CET INFO] Hooked onto WorldGuard
[Wed, 16. Dec 2020 01:20:45 CET INFO] Hooked onto HolographicDisplays
[Wed, 16. Dec 2020 01:20:45 CET INFO] Hooked onto MythicMobs
[Wed, 16. Dec 2020 01:20:45 CET WARN] Could not load objective '1' from quest 'adv-begins': Could not find world world
[Wed, 16. Dec 2020 01:20:45 CET WARN] Could not load objective '1' from quest 'tutorial': Could not find world world
[Wed, 16. Dec 2020 01:20:45 CET WARN] Could not load trigger 'mmoitem{type=SWORD;id=CUTLASS}' from objective '5': Could not find MMOItem with ID 'CUTLASS'
[Wed, 16. Dec 2020 01:22:51 CET | ID 788550474898735126] AdventuresCraft - Live: [Wed, 16. Dec 2020 01:20:45 CET WARN] Wed Dec 16 01:20:45 CET 2020 WARN: Establishing SSL connection without server's identity verification is not recommended. According to MySQL 5.5.45+, 5.6.26+ and 5.7.6+ requirements SSL connection must be established by default if explicit option isn't set. For compliance with existing applications not using SSL the verifyServerCertificate property is set to 'false'. You need either to explicitly disable SSL by setting useSSL=false, or set useSSL=true and provide truststore for server certificate verification.
[Wed, 16. Dec 2020 01:20:45 CET WARN] Wed Dec 16 01:20:45 CET 2020 WARN: Establishing SSL connection without server's identity verification is not recommended. According to MySQL 5.5.45+, 5.6.26+ and 5.7.6+ requirements SSL connection must be established by default if explicit option isn't set. For compliance with existing applications not using SSL the verifyServerCertificate property is set to 'false'. You need either to explicitly disable SSL by setting useSSL=false, or set useSSL=true and provide truststore for server certificate verification.
[Wed, 16. Dec 2020 01:20:45 CET WARN] Wed Dec 16 01:20:45 CET 2020 WARN: Establishing SSL connection without server's identity verification is not recommended. According to MySQL 5.5.45+, 5.6.26+ and 5.7.6+ requirements SSL connection must be established by default if explicit option isn't set. For compliance with existing applications not using SSL the verifyServerCertificate property is set to 'false'. You need either to explicitly disable SSL by setting useSSL=false, or set useSSL=true and provide truststore for server certificate verification.
[Wed, 16. Dec 2020 01:22:56 CET | ID 788550474898735126] AdventuresCraft - Live: [Wed, 16. Dec 2020 01:20:45 CET WARN] Wed Dec 16 01:20:45 CET 2020 WARN: Establishing SSL connection without server's identity verification is not recommended. According to MySQL 5.5.45+, 5.6.26+ and 5.7.6+ requirements SSL connection must be established by default if explicit option isn't set. For compliance with existing applications not using SSL the verifyServerCertificate property is set to 'false'. You need either to explicitly disable SSL by setting useSSL=false, or set useSSL=true and provide truststore for server certificate verification.
[Wed, 16. Dec 2020 01:20:45 CET INFO] Enabling BetonQuest v1.12.0-DEV-UNOFFICIAL
[Wed, 16. Dec 2020 01:20:45 CET WARN] Wed Dec 16 01:20:45 CET 2020 WARN: Establishing SSL connection without server's identity verification is not recommended. According to MySQL 5.5.45+, 5.6.26+ and 5.7.6+ requirements SSL connection must be established by default if explicit option isn't set. For compliance with existing applications not using SSL the verifyServerCertificate property is set to 'false'. You need either to explicitly disable SSL by setting useSSL=false, or set useSSL=true and provide truststore for server certificate verification.
[Wed, 16. Dec 2020 01:20:45 CET WARN] Wed Dec 16 01:20:45 CET 2020 WARN: Establishing SSL connection without server's identity verification is not recommended. According to MySQL 5.5.45+, 5.6.26+ and 5.7.6+ requirements SSL connection must be established by default if explicit option isn't set. For compliance with existing applications not using SSL the verifyServerCertificate property is set to 'false'. You need either to explicitly disable SSL by setting useSSL=false, or set useSSL=true and provide truststore for server certificate verification.
[Wed, 16. Dec 2020 01:23:01 CET | ID 788550474898735126] AdventuresCraft - Live: [Wed, 16. Dec 2020 01:20:45 CET WARN] Wed Dec 16 01:20:45 CET 2020 WARN: Establishing SSL connection without server's identity verification is not recommended. According to MySQL 5.5.45+, 5.6.26+ and 5.7.6+ requirements SSL connection must be established by default if explicit option isn't set. For compliance with existing applications not using SSL the verifyServerCertificate property is set to 'false'. You need either to explicitly disable SSL by setting useSSL=false, or set useSSL=true and provide truststore for server certificate verification.
[Wed, 16. Dec 2020 01:20:45 CET WARN] Wed Dec 16 01:20:45 CET 2020 WARN: Establishing SSL connection without server's identity verification is not recommended. According to MySQL 5.5.45+, 5.6.26+ and 5.7.6+ requirements SSL connection must be established by default if explicit option isn't set. For compliance with existing applications not using SSL the verifyServerCertificate property is set to 'false'. You need either to explicitly disable SSL by setting useSSL=false, or set useSSL=true and provide truststore for server certificate verification.
[Wed, 16. Dec 2020 01:20:45 CET INFO] Using MySQL for storing data!
[Wed, 16. Dec 2020 01:20:45 CET WARN] Wed Dec 16 01:20:45 CET 2020 WARN: Establishing SSL connection without server's identity verification is not recommended. According to MySQL 5.5.45+, 5.6.26+ and 5.7.6+ requirements SSL connection must be established by default if explicit option isn't set. For compliance with existing applications not using SSL the verifyServerCertificate property is set to 'false'. You need either to explicitly disable SSL by setting useSSL=false, or set useSSL=true and provide truststore for server certificate verification.
[Wed, 16. Dec 2020 01:20:45 CET INFO] Configuration up to date!
[Wed, 16. Dec 2020 01:20:45 CET INFO] Hooking into PlaceholderAPI
[Wed, 16. Dec 2020 01:20:45 CET INFO] Successfully registered expansion: betonquest
[Wed, 16. Dec 2020 01:23:06 CET | ID 788550474898735126] AdventuresCraft - Live: [Wed, 16. Dec 2020 01:20:45 CET INFO] Hooking into WorldEdit
[Wed, 16. Dec 2020 01:20:45 CET INFO] Hooking into ProtocolLib
[Wed, 16. Dec 2020 01:20:45 CET INFO] Hooking into EffectLib
[Wed, 16. Dec 2020 01:20:45 CET INFO] Hooking into Vault
[Wed, 16. Dec 2020 01:20:45 CET INFO] Hooking into HolographicDisplays
[Wed, 16. Dec 2020 01:20:45 CET INFO] Hooking into WorldGuard
[Wed, 16. Dec 2020 01:20:45 CET INFO] Hooking into Skript
[Wed, 16. Dec 2020 01:20:45 CET INFO] Hooking into Citizens
[Wed, 16. Dec 2020 01:20:45 CET INFO] Hooking into MythicMobs
[Wed, 16. Dec 2020 01:20:45 CET INFO] Hooking into Denizen
[Wed, 16. Dec 2020 01:20:45 CET INFO] Hooking into MMOLib
[Wed, 16. Dec 2020 01:20:45 CET INFO] Hooking into MMOCore
[Wed, 16. Dec 2020 01:20:45 CET INFO] BetonQuest succesfully enabled!
[Wed, 16. Dec 2020 01:20:45 CET INFO] Enabling RPGMenu v4.0.2
[Wed, 16. Dec 2020 01:20:45 CET INFO] Enabling Depenizen v2.0.0 (build 669)
[Wed, 16. Dec 2020 01:20:45 CET INFO] +> [Depenizen] Depenizen loading...
[Wed, 16. Dec 2020 01:20:45 CET INFO] +> [Depenizen] Depenizen loaded bridge for 'LuckPerms'!
[Wed, 16. Dec 2020 01:20:45 CET INFO] +> [Depenizen] Depenizen loaded bridge for 'WorldEdit'!
[Wed, 16. Dec 2020 01:20:45 CET INFO] +> [Depenizen] Depenizen will not load bridge for 'AreaShop'.
[Wed, 16. Dec 2020 01:20:45 CET INFO] +> [Depenizen] Depenizen will not load bridge for 'TerrainControl'.
[Wed, 16. Dec 2020 01:20:45 CET INFO] +> [Depenizen] Depenizen will not load bridge for 'Essentials'.
[Wed, 16. Dec 2020 01:20:45 CET INFO] Successfully registered expansion: denizen
[Wed, 16. Dec 2020 01:20:45 CET INFO] +> [Depenizen] Depenizen loaded bridge for 'PlaceholderAPI'!
[Wed, 16. Dec 2020 01:20:45 CET INFO] +> [Depenizen] Depenizen will not load bridge for 'CrackShot'.
[Wed, 16. Dec 2020 01:20:45 CET INFO] +> [Depenizen] Depenizen will not load bridge for 'Towny'.
[Wed, 16. Dec 2020 01:20:45 CET INFO] +> [Depenizen] Depenizen will not load bridge for 'Jobs'.
[Wed, 16. Dec 2020 01:23:11 CET | ID 788550474898735126] AdventuresCraft - Live: [Wed, 16. Dec 2020 01:20:45 CET INFO] +> [Depenizen] Depenizen will not load bridge for 'MobArena'.
[Wed, 16. Dec 2020 01:20:45 CET INFO] ERROR!
     Error Message: Cannot load Depenizen bridge for 'PlotSquared': Internal exception was thrown!
[Wed, 16. Dec 2020 01:23:16 CET | ID 788550474898735126] AdventuresCraft - Live: [Wed, 16. Dec 2020 01:20:45 CET INFO] ERROR!
[Wed, 16. Dec 2020 01:20:45 CET INFO] 	Error Message: Internal exception was thrown!
[Wed, 16. Dec 2020 01:20:45 CET INFO] 	[Error Continued] java.lang.NoClassDefFoundError: com/github/intellectualsites/plotsquared/bukkit/events/PlayerEnterPlotEvent
[Wed, 16. Dec 2020 01:20:45 CET INFO] 	[Error Continued] com.denizenscript.depenizen.bukkit.bridges.PlotSquaredBridge.init(PlotSquaredBridge.java:21)
[Wed, 16. Dec 2020 01:20:45 CET INFO] 	[Error Continued] com.denizenscript.depenizen.bukkit.Depenizen.loadBridge(Depenizen.java:81)
[Wed, 16. Dec 2020 01:20:45 CET INFO] 	[Error Continued] com.denizenscript.depenizen.bukkit.Depenizen.onEnable(Depenizen.java:32)
[Wed, 16. Dec 2020 01:20:45 CET INFO] 	[Error Continued] org.bukkit.plugin.java.JavaPlugin.setEnabled(JavaPlugin.java:263)
[Wed, 16. Dec 2020 01:20:45 CET INFO] 	[Error Continued] org.bukkit.plugin.java.JavaPluginLoader.enablePlugin(JavaPluginLoader.java:380)
[Wed, 16. Dec 2020 01:20:45 CET INFO] 	[Error Continued] org.bukkit.plugin.SimplePluginManager.enablePlugin(SimplePluginManager.java:483)
[Wed, 16. Dec 2020 01:20:45 CET INFO] 	[Error Continued] org.bukkit.craftbukkit.v1\_16\_R2.CraftServer.enablePlugin(CraftServer.java:501)
[Wed, 16. Dec 2020 01:20:45 CET INFO] 	[Error Continued] org.bukkit.craftbukkit.v1\_16\_R2.CraftServer.enablePlugins(CraftServer.java:415)
[Wed, 16. Dec 2020 01:20:45 CET INFO] 	[Error Continued] net.minecraft.server.v1\_16\_R2.MinecraftServer.loadWorld(MinecraftServer.java:469)
[Wed, 16. Dec 2020 01:20:45 CET INFO] 	[Error Continued] net.minecraft.server.v1\_16\_R2.DedicatedServer.init(DedicatedServer.java:247)
[Wed, 16. Dec 2020 01:20:45 CET INFO] 	[Error Continued] net.minecraft.server.v1\_16\_R2.MinecraftServer.w(MinecraftServer.java:941)
[Wed, 16. Dec 2020 01:20:45 CET INFO] 	[Error Continued] net.minecraft.server.v1\_16\_R2.MinecraftServer.lambda$a$0(MinecraftServer.java:178)
[Wed, 16. Dec 2020 01:23:21 CET | ID 788550474898735126] AdventuresCraft - Live: [Wed, 16. Dec 2020 01:20:45 CET INFO] 	[Error Continued] java.base/java.lang.Thread.run(Thread.java:834)
[Wed, 16. Dec 2020 01:20:45 CET INFO] 	[Error Continued] Caused by: java.lang.ClassNotFoundException: com.github.intellectualsites.plotsquared.bukkit.events.PlayerEnterPlotEvent
[Wed, 16. Dec 2020 01:20:45 CET INFO] 	[Error Continued] java.base/java.net.URLClassLoader.findClass(URLClassLoader.java:471)
[Wed, 16. Dec 2020 01:20:45 CET INFO] 	[Error Continued] org.bukkit.plugin.java.PluginClassLoader.findClass(PluginClassLoader.java:171)
[Wed, 16. Dec 2020 01:20:45 CET INFO] 	[Error Continued] org.bukkit.plugin.java.PluginClassLoader.findClass(PluginClassLoader.java:100)
[Wed, 16. Dec 2020 01:20:45 CET INFO] 	[Error Continued] java.base/java.lang.ClassLoader.loadClass(ClassLoader.java:589)
[Wed, 16. Dec 2020 01:20:45 CET INFO] 	[Error Continued]
[Wed, 16. Dec 2020 01:20:45 CET INFO] 	java.base/java.lang.ClassLoader.loadClass(ClassLoader.java:522)
[Wed, 16. Dec 2020 01:20:45 CET INFO] 	[Error Continued] com.denizenscript.depenizen.bukkit.bridges.PlotSquaredBridge.init(PlotSquaredBridge.java:21)
[Wed, 16. Dec 2020 01:20:45 CET INFO] 	[Error Continued] com.denizenscript.depenizen.bukkit.Depenizen.loadBridge(Depenizen.java:81)
[Wed, 16. Dec 2020 01:20:45 CET INFO] 	[Error Continued] com.denizenscript.depenizen.bukkit.Depenizen.onEnable(Depenizen.java:32)
[Wed, 16. Dec 2020 01:20:45 CET INFO] 	[Error Continued] org.bukkit.plugin.java.JavaPlugin.setEnabled(JavaPlugin.java:263)
[Wed, 16. Dec 2020 01:20:45 CET INFO] 	[Error Continued] org.bukkit.plugin.java.JavaPluginLoader.enablePlugin(JavaPluginLoader.java:380)
[Wed, 16. Dec 2020 01:20:45 CET INFO] 	[Error Continued] org.bukkit.plugin.SimplePluginManager.enablePlugin(SimplePluginManager.java:483)
[Wed, 16. Dec 2020 01:20:45 CET INFO] 	[Error Continued] org.bukkit.craftbukkit.v1\_16\_R2.CraftServer.enablePlugin(CraftServer.java:501)
[Wed, 16. Dec 2020 01:23:26 CET | ID 788550474898735126] AdventuresCraft - Live: [Wed, 16. Dec 2020 01:20:45 CET INFO] 	[Error Continued] org.bukkit.craftbukkit.v1\_16\_R2.CraftServer.enablePlugins(CraftServer.java:415)
[Wed, 16. Dec 2020 01:20:45 CET INFO] 	[Error Continued] net.minecraft.server.v1\_16\_R2.MinecraftServer.loadWorld(MinecraftServer.java:469)
[Wed, 16. Dec 2020 01:20:45 CET INFO] 	[Error Continued] net.minecraft.server.v1\_16\_R2.DedicatedServer.init(DedicatedServer.java:247)
[Wed, 16. Dec 2020 01:20:45 CET INFO] 	[Error Continued] net.minecraft.server.v1\_16\_R2.MinecraftServer.w(MinecraftServer.java:941)
[Wed, 16. Dec 2020 01:20:45 CET INFO] 	[Error Continued] net.minecraft.server.v1\_16\_R2.MinecraftServer.lambda$a$0(MinecraftServer.java:178)
[Wed, 16. Dec 2020 01:20:45 CET INFO] 	[Error Continued] java.base/java.lang.Thread.run(Thread.java:834)
[Wed, 16. Dec 2020 01:20:45 CET INFO] +> [Depenizen] Depenizen will not load bridge for 'Votifier'.
[Wed, 16. Dec 2020 01:20:45 CET INFO] +> [Depenizen] Depenizen will not load bridge for 'PlayerPoints'.
[Wed, 16. Dec 2020 01:20:45 CET INFO] +> [Depenizen] Depenizen loaded bridge for 'BetonQuest'!
[Wed, 16. Dec 2020 01:20:45 CET INFO] +> [Depenizen] Depenizen will not load bridge for 'PVPArena'.
[Wed, 16. Dec 2020 01:20:45 CET INFO] +> [Depenizen] Depenizen loaded bridge for 'WorldGuard'!
[Wed, 16. Dec 2020 01:20:45 CET INFO] +> [Depenizen] Depenizen loaded bridge for 'LibsDisguises'!
[Wed, 16. Dec 2020 01:20:45 CET INFO] +> [Depenizen] Depenizen will not load bridge for 'NoCheatPlus'.
[Wed, 16. Dec 2020 01:20:45 CET INFO] +> [Depenizen] Depenizen will not load bridge for 'OpenTerrainGenerator'.
[Wed, 16. Dec 2020 01:20:45 CET INFO] +> [Depenizen] Depenizen will not load bridge for 'Sentinel'.
[Wed, 16. Dec 2020 01:20:45 CET INFO] +> [Depenizen] Depenizen will not load bridge for 'SkillAPI'.
[Wed, 16. Dec 2020 01:20:45 CET INFO] +> [Depenizen] Depenizen will not load bridge for 'Factions'.
[Wed, 16. Dec 2020 01:23:31 CET | ID 788550474898735126] AdventuresCraft - Live: [Wed, 16. Dec 2020 01:20:45 CET INFO] +> [Depenizen] Depenizen will not load bridge for 'TownyChat'.
[Wed, 16. Dec 2020 01:20:45 CET INFO] +> [Depenizen] Depenizen will not load bridge for 'ASkyBlock'.
[Wed, 16. Dec 2020 01:20:45 CET INFO] +> [Depenizen] Depenizen will not load bridge for 'Shopkeepers'.
[Wed, 16. Dec 2020 01:20:45 CET INFO] +> [Depenizen] Depenizen loaded bridge for 'MythicMobs'!
[Wed, 16. Dec 2020 01:20:45 CET INFO] +> [Depenizen] Depenizen will not load bridge for 'Quests'.
[Wed, 16. Dec 2020 01:20:45 CET INFO] +> [Depenizen] Depenizen loaded bridge for 'BossShopPro'!
[Wed, 16. Dec 2020 01:20:45 CET INFO] +> [Depenizen] Depenizen will not load bridge for 'Residence'.
[Wed, 16. Dec 2020 01:20:45 CET INFO] +> [Depenizen] Depenizen loaded bridge for 'NoteBlockAPI'!
[Wed, 16. Dec 2020 01:20:45 CET INFO] +> [Depenizen] Depenizen loaded bridge for 'EffectLib'!
[Wed, 16. Dec 2020 01:20:45 CET INFO] +> [Depenizen] Depenizen will not load bridge for 'BigDoors'.
[Wed, 16. Dec 2020 01:20:45 CET INFO] +> [Depenizen] Depenizen will not load bridge for 'PVPStats'.
[Wed, 16. Dec 2020 01:20:45 CET INFO] +> [Depenizen] Depenizen will not load bridge for 'mcMMO'.
[Wed, 16. Dec 2020 01:20:45 CET INFO] +> [Depenizen] Depenizen loaded bridge for 'ViaVersion'!
[Wed, 16. Dec 2020 01:20:45 CET INFO] +> [Depenizen] Depenizen will not load bridge for 'Vampire'.
[Wed, 16. Dec 2020 01:20:45 CET INFO] +> [Depenizen] Depenizen will not load bridge for 'GriefPrevention'.
[Wed, 16. Dec 2020 01:20:45 CET INFO] +> [Depenizen] Depenizen will not load bridge for 'MagicSpells'.
[Wed, 16. Dec 2020 01:20:45 CET INFO] +> [Depenizen] Depenizen will not load bungee bridge.
[Wed, 16. Dec 2020 01:20:45 CET INFO] +> [Depenizen] Depenizen loaded! 11 plugin bridge(s) loaded (of 38 available)
[Wed, 16. Dec 2020 01:20:45 CET INFO] Enabling BossShopPro v2.0.9
[Wed, 16. Dec 2020 01:20:45 CET INFO] [BossShopPro] Loading data...
[Wed, 16. Dec 2020 01:23:36 CET | ID 788550474898735126] AdventuresCraft - Live: [Wed, 16. Dec 2020 01:20:45 CET INFO] [BossShopPro] Hooked into PlaceholderAPI.
[Wed, 16. Dec 2020 01:20:45 CET INFO] Enabling LimitedUses v1.1.0\*
[Wed, 16. Dec 2020 01:20:45 CET INFO] [BossShopPro] Enabling Addon LimitedUses
[Wed, 16. Dec 2020 01:20:45 CET INFO] Enabling PlayerShops v1.2.4
[Wed, 16. Dec 2020 01:20:45 CET INFO] [BossShopPro] Enabling Addon PlayerShops
[Wed, 16. Dec 2020 01:20:45 CET INFO] Enabling MMOItems v6.5
[Wed, 16. Dec 2020 01:20:45 CET WARN] You may be using an outdated config.yml!
[Wed, 16. Dec 2020 01:20:45 CET WARN] (Your config version: '-1' | Expected config version: '5')
[Wed, 16. Dec 2020 01:20:45 CET WARN] Ability CORRUPTION\_CHOOSE is already registered!
[Wed, 16. Dec 2020 01:20:45 CET WARN] Ability VEIN\_DRAIN is already registered!
[Wed, 16. Dec 2020 01:20:45 CET WARN] Ability VOID\_WARP is already registered!
[Wed, 16. Dec 2020 01:20:45 CET INFO] Loaded 68 extra MythicMobs abilities
[Wed, 16. Dec 2020 01:20:45 CET INFO] Hooked onto MythicMobs
[Wed, 16. Dec 2020 01:20:45 CET INFO] Hooked onto MMOCore
[Wed, 16. Dec 2020 01:20:45 CET INFO] Loading template modifiers, please wait..
[Wed, 16. Dec 2020 01:20:45 CET INFO] Loading item templates, please wait..
[Wed, 16. Dec 2020 01:20:45 CET INFO] Could not load base item data 'goop-hat' from item template 'ARMOR.UNDEAD\_HEAD': Could not find stat with ID 'GOOP\_HAT'
[Wed, 16. Dec 2020 01:20:45 CET INFO] Could not load base item data 'goop-hat' from item template 'ARMOR.MORDEN\_HEAD': Could not find stat with ID 'GOOP\_HAT'
[Wed, 16. Dec 2020 01:20:45 CET INFO] Could not load base item data 'goop-hat' from item template 'ARMOR.ILLUSIONER\_HEAD': Could not find stat with ID 'GOOP\_HAT'
[Wed, 16. Dec 2020 01:20:45 CET INFO] Could not load base item data 'goop-hat' from item template 'ARMOR.ILLUSIONER\_HEAD2': Could not find stat with ID 'GOOP\_HAT'
[Wed, 16. Dec 2020 01:23:41 CET | ID 788550474898735126] AdventuresCraft - Live: [Wed, 16. Dec 2020 01:20:45 CET INFO] Could not load base item data 'accessory-set' from item template 'ACCESSORY.OAK\_BARK': Could not find stat with ID 'ACCESSORY\_SET'
[Wed, 16. Dec 2020 01:20:45 CET INFO] Could not load base item data 'accessory-set' from item template 'ACCESSORY.OAK\_BARK2': Could not find stat with ID 'ACCESSORY\_SET'
[Wed, 16. Dec 2020 01:20:45 CET INFO] Could not load base item data 'accessory-set' from item template 'ACCESSORY.OAK\_BARK3': Could not find stat with ID 'ACCESSORY\_SET'
[Wed, 16. Dec 2020 01:20:45 CET INFO] Could not load base item data 'accessory-set' from item template 'ACCESSORY.OAK\_BARK4': Could not find stat with ID 'ACCESSORY\_SET'
[Wed, 16. Dec 2020 01:20:45 CET INFO] Could not load base item data 'accessory-set' from item template 'ACCESSORY.OAK\_BARK5': Could not find stat with ID 'ACCESSORY\_SET'
[Wed, 16. Dec 2020 01:20:45 CET INFO] Could not load base item data 'accessory-set' from item template 'ACCESSORY.SPEEDY\_JUNGLE\_WORKER': Could not find stat with ID 'ACCESSORY\_SET'
[Wed, 16. Dec 2020 01:20:45 CET INFO] Could not load base item data 'accessory-set' from item template 'ACCESSORY.SPEEDY\_JUNGLE\_WORKER2': Could not find stat with ID 'ACCESSORY\_SET'
[Wed, 16. Dec 2020 01:20:45 CET INFO] Could not load base item data 'accessory-set' from item template 'ACCESSORY.FAST\_HITTER': Could not find stat with ID 'ACCESSORY\_SET'
[Wed, 16. Dec 2020 01:20:45 CET INFO] Could not load base item data 'accessory-set' from item template 'ACCESSORY.FAST\_HITTER2': Could not find stat with ID 'ACCESSORY\_SET'
[Wed, 16. Dec 2020 01:20:45 CET INFO] Could not load base item data 'accessory-set' from item template 'ACCESSORY.FAST\_HITTER3': Could not find stat with ID 'ACCESSORY\_SET'
[Wed, 16. Dec 2020 01:20:45 CET INFO] Could not load base item data 'accessory-set' from item template 'ACCESSORY.ACACIA\_HEART': Could not find stat with ID 'ACCESSORY\_SET'
[Wed, 16. Dec 2020 01:23:46 CET | ID 788550474898735126] AdventuresCraft - Live: [Wed, 16. Dec 2020 01:20:45 CET INFO] Could not load base item data 'accessory-set' from item template 'ACCESSORY.ACACIA\_HEART2': Could not find stat with ID 'ACCESSORY\_SET'
[Wed, 16. Dec 2020 01:20:45 CET INFO] Could not load base item data 'accessory-set' from item template 'ACCESSORY.ACACIA\_HEART3': Could not find stat with ID 'ACCESSORY\_SET'
[Wed, 16. Dec 2020 01:20:45 CET INFO] Could not load base item data 'accessory-set' from item template 'ACCESSORY.RUNNING\_SPRITE': Could not find stat with ID 'ACCESSORY\_SET'
[Wed, 16. Dec 2020 01:20:45 CET INFO] Could not load base item data 'accessory-set' from item template 'ACCESSORY.RUNNING\_SPRITE2': Could not find stat with ID 'ACCESSORY\_SET'
[Wed, 16. Dec 2020 01:20:45 CET INFO] Could not load base item data 'accessory-set' from item template 'ACCESSORY.RUNNING\_SPRITE3': Could not find stat with ID 'ACCESSORY\_SET'
[Wed, 16. Dec 2020 01:20:45 CET INFO] Could not load base item data 'accessory-set' from item template 'ACCESSORY.MANA\_ORB': Could not find stat with ID 'ACCESSORY\_SET'
[Wed, 16. Dec 2020 01:20:45 CET INFO] Could not load base item data 'accessory-set' from item template 'ACCESSORY.MANA\_ORB2': Could not find stat with ID 'ACCESSORY\_SET'
[Wed, 16. Dec 2020 01:20:45 CET INFO] Could not load base item data 'accessory-set' from item template 'ACCESSORY.MANA\_ORB3': Could not find stat with ID 'ACCESSORY\_SET'
[Wed, 16. Dec 2020 01:20:45 CET INFO] Could not load base item data 'accessory-set' from item template 'ACCESSORY.WARLOCK\_NECKLACE': Could not find stat with ID 'ACCESSORY\_SET'
[Wed, 16. Dec 2020 01:20:45 CET INFO] Could not load base item data 'accessory-set' from item template 'ACCESSORY.WARLOCK\_NECKLACE2': Could not find stat with ID 'ACCESSORY\_SET'
[Wed, 16. Dec 2020 01:20:45 CET INFO] Could not load base item data 'accessory-set' from item template 'ACCESSORY.WARLOCK\_NECKLACE3': Could not find stat with ID 'ACCESSORY\_SET'
[Wed, 16. Dec 2020 01:23:51 CET | ID 788550474898735126] AdventuresCraft - Live: [Wed, 16. Dec 2020 01:20:45 CET INFO] Could not load base item data 'accessory-set' from item template 'ACCESSORY.MAGE\_ORB': Could not find stat with ID 'ACCESSORY\_SET'
[Wed, 16. Dec 2020 01:20:45 CET INFO] Could not load base item data 'accessory-set' from item template 'ACCESSORY.MAGE\_ORB2': Could not find stat with ID 'ACCESSORY\_SET'
[Wed, 16. Dec 2020 01:20:45 CET INFO] Could not load base item data 'accessory-set' from item template 'ACCESSORY.MAGE\_ORB3': Could not find stat with ID 'ACCESSORY\_SET'
[Wed, 16. Dec 2020 01:20:45 CET INFO] Could not load base item data 'accessory-set' from item template 'ACCESSORY.HEALTHY\_MINERAL': Could not find stat with ID 'ACCESSORY\_SET'
[Wed, 16. Dec 2020 01:20:45 CET INFO] Could not load base item data 'accessory-set' from item template 'ACCESSORY.HEALTHY\_MINERAL2': Could not find stat with ID 'ACCESSORY\_SET'
[Wed, 16. Dec 2020 01:20:45 CET INFO] Could not load base item data 'accessory-set' from item template 'ACCESSORY.HEALTHY\_MINERAL3': Could not find stat with ID 'ACCESSORY\_SET'
[Wed, 16. Dec 2020 01:20:45 CET INFO] Could not load base item data 'accessory-set' from item template 'ACCESSORY.GREEN\_LIMESTONE': Could not find stat with ID 'ACCESSORY\_SET'
[Wed, 16. Dec 2020 01:20:45 CET INFO] Could not load base item data 'accessory-set' from item template 'ACCESSORY.GREEN\_LIMESTONE2': Could not find stat with ID 'ACCESSORY\_SET'
[Wed, 16. Dec 2020 01:20:45 CET INFO] Could not load base item data 'accessory-set' from item template 'ACCESSORY.GREEN\_LIMESTONE3': Could not find stat with ID 'ACCESSORY\_SET'
[Wed, 16. Dec 2020 01:20:45 CET INFO] Could not load base item data 'accessory-set' from item template 'ACCESSORY.UNDEAD\_REPELLENT': Could not find stat with ID 'ACCESSORY\_SET'
[Wed, 16. Dec 2020 01:20:45 CET INFO] Could not load base item data 'accessory-set' from item template 'ACCESSORY.UNDEAD\_REPELLENT2': Could not find stat with ID 'ACCESSORY\_SET'
[Wed, 16. Dec 2020 01:23:56 CET | ID 788550474898735126] AdventuresCraft - Live: [Wed, 16. Dec 2020 01:20:45 CET INFO] Could not load base item data 'accessory-set' from item template 'ACCESSORY.UNDEAD\_REPELLENT3': Could not find stat with ID 'ACCESSORY\_SET'
[Wed, 16. Dec 2020 01:20:45 CET INFO] Could not load base item data 'accessory-set' from item template 'ACCESSORY.POWERFUL\_NECKLACE': Could not find stat with ID 'ACCESSORY\_SET'
[Wed, 16. Dec 2020 01:20:45 CET INFO] Could not load base item data 'accessory-set' from item template 'ACCESSORY.POWERFUL\_NECKLACE2': Could not find stat with ID 'ACCESSORY\_SET'
[Wed, 16. Dec 2020 01:20:45 CET INFO] Could not load base item data 'accessory-set' from item template 'ACCESSORY.POWERFUL\_NECKLACE3': Could not find stat with ID 'ACCESSORY\_SET'
[Wed, 16. Dec 2020 01:20:45 CET INFO] Could not load base item data 'accessory-set' from item template 'ACCESSORY.LUCKY\_STRIKER': Could not find stat with ID 'ACCESSORY\_SET'
[Wed, 16. Dec 2020 01:20:45 CET INFO] Could not load base item data 'accessory-set' from item template 'ACCESSORY.LUCKY\_STRIKER2': Could not find stat with ID 'ACCESSORY\_SET'
[Wed, 16. Dec 2020 01:20:45 CET INFO] Could not load base item data 'accessory-set' from item template 'ACCESSORY.LUCKY\_STRIKER3': Could not find stat with ID 'ACCESSORY\_SET'
[Wed, 16. Dec 2020 01:20:45 CET INFO] Could not load base item data 'accessory-set' from item template 'ACCESSORY.DEEP\_IMPACTOR': Could not find stat with ID 'ACCESSORY\_SET'
[Wed, 16. Dec 2020 01:20:45 CET INFO] Could not load base item data 'accessory-set' from item template 'ACCESSORY.DEEP\_IMPACTOR2': Could not find stat with ID 'ACCESSORY\_SET'
[Wed, 16. Dec 2020 01:20:45 CET INFO] Could not load base item data 'accessory-set' from item template 'ACCESSORY.DEEP\_IMPACTOR3': Could not find stat with ID 'ACCESSORY\_SET'
[Wed, 16. Dec 2020 01:20:45 CET INFO] Could not load base item data 'accessory-set' from item template 'ACCESSORY.EXTINGUISHER': Could not find stat with ID 'ACCESSORY\_SET'
[Wed, 16. Dec 2020 01:24:01 CET | ID 788550474898735126] AdventuresCraft - Live: [Wed, 16. Dec 2020 01:20:45 CET INFO] Could not load base item data 'accessory-set' from item template 'ACCESSORY.DRYAD\_CHARM': Could not find stat with ID 'ACCESSORY\_SET'
[Wed, 16. Dec 2020 01:20:45 CET INFO] Could not load base item data 'accessory-set' from item template 'ACCESSORY.CORRUPT\_RELIC': Could not find stat with ID 'ACCESSORY\_SET'
[Wed, 16. Dec 2020 01:20:45 CET INFO] Could not load base item data 'accessory-set' from item template 'ACCESSORY.CORRUPT\_RELIC2': Could not find stat with ID 'ACCESSORY\_SET'
[Wed, 16. Dec 2020 01:20:45 CET INFO] Could not load base item data 'accessory-set' from item template 'ACCESSORY.CORRUPT\_RELIC3': Could not find stat with ID 'ACCESSORY\_SET'
[Wed, 16. Dec 2020 01:20:45 CET INFO] Could not load base item data 'accessory-set' from item template 'ACCESSORY.CORRUPT\_DART': Could not find stat with ID 'ACCESSORY\_SET'
[Wed, 16. Dec 2020 01:20:45 CET INFO] Could not load base item data 'accessory-set' from item template 'ACCESSORY.CORRUPT\_DART2': Could not find stat with ID 'ACCESSORY\_SET'
[Wed, 16. Dec 2020 01:20:45 CET INFO] Could not load base item data 'accessory-set' from item template 'ACCESSORY.CORRUPT\_DART3': Could not find stat with ID 'ACCESSORY\_SET'
[Wed, 16. Dec 2020 01:20:45 CET INFO] Could not load base item data 'accessory-set' from item template 'ACCESSORY.VOID\_RING': Could not find stat with ID 'ACCESSORY\_SET'
[Wed, 16. Dec 2020 01:20:45 CET INFO] Could not load base item data 'accessory-set' from item template 'ACCESSORY.VOID\_RING2': Could not find stat with ID 'ACCESSORY\_SET'
[Wed, 16. Dec 2020 01:20:45 CET INFO] Could not load base item data 'accessory-set' from item template 'ACCESSORY.LURKERS\_CARD': Could not find stat with ID 'ACCESSORY\_SET'
[Wed, 16. Dec 2020 01:20:45 CET INFO] Could not load base item data 'accessory-set' from item template 'ACCESSORY.DRACS\_FANG': Could not find stat with ID 'ACCESSORY\_SET'
[Wed, 16. Dec 2020 01:24:06 CET | ID 788550474898735126] AdventuresCraft - Live: [Wed, 16. Dec 2020 01:20:45 CET INFO] Could not load base item data 'accessory-set' from item template 'ACCESSORY.DRACS\_FANG2': Could not find stat with ID 'ACCESSORY\_SET'
[Wed, 16. Dec 2020 01:20:45 CET INFO] Hooked onto Vault
[Wed, 16. Dec 2020 01:20:45 CET INFO] Loading crafting stations, please wait..
[Wed, 16. Dec 2020 01:20:46 CET INFO] An issue occurred registering recipe 'CONTAMINATION' from crafting station 'Admin Shop': Could not find a template with ID 'CONTAMINATION'
[Wed, 16. Dec 2020 01:20:46 CET INFO] An issue occurred registering recipe 'MAGICAL\_PATH1' from crafting station 'Admin Shop': Could not find a template with ID 'MAGICAL\_PATH'
[Wed, 16. Dec 2020 01:20:46 CET INFO] An issue occurred registering recipe 'CONTAMINATION1' from crafting station 'Admin Shop': Could not find a template with ID 'CONTAMINATION'
[Wed, 16. Dec 2020 01:20:46 CET INFO] An issue occurred registering recipe 'MAGICAL\_PATH' from crafting station 'Spells': Could not find a template with ID 'MAGICAL\_PATH'
[Wed, 16. Dec 2020 01:20:46 CET INFO] An issue occurred registering recipe 'CONTAMINATION' from crafting station 'Spells': Could not find a template with ID 'CONTAMINATION'
[Wed, 16. Dec 2020 01:20:46 CET INFO] An issue occurred registering recipe 'BULBLIN\_BOW2' from crafting station 'Void': Could not load ingredient 'mmoitem{type=SWORD,id=BULBLIN\_BOW,amount=1}': Could not find a template with ID 'BULBLIN\_BOW'
[Wed, 16. Dec 2020 01:20:46 CET INFO] Hooked onto HolographicDisplays
[Wed, 16. Dec 2020 01:20:46 CET INFO] Hooked onto PlaceholderAPI
[Wed, 16. Dec 2020 01:20:46 CET INFO] Successfully registered expansion: mmoitems
[Wed, 16. Dec 2020 01:20:46 CET INFO] Hooked onto BossShopPro
[Wed, 16. Dec 2020 01:20:46 CET INFO] Loading recipes, please wait...
[Wed, 16. Dec 2020 01:20:46 CET INFO] Enabling ItemShops v1.1.0\*
[Wed, 16. Dec 2020 01:20:46 CET INFO] [BossShopPro] Enabling Addon ItemShops
[Wed, 16. Dec 2020 01:20:46 CET INFO] Enabling PermanentStats v1.0
[Wed, 16. Dec 2020 01:24:11 CET | ID 788550474898735126] AdventuresCraft - Live: [Wed, 16. Dec 2020 01:20:46 CET INFO] [PermanentStats] Plugin has successfully enabled.
[Wed, 16. Dec 2020 01:20:46 CET INFO] Enabling MIReplacer v2.4
[Wed, 16. Dec 2020 01:20:46 CET INFO] Loading furnace recipes...
[Wed, 16. Dec 2020 01:20:46 CET INFO] [MVdWPlaceholderAPI] PlotSquared added custom placeholder {plotsquared\_currentplot\_localflag\_description}
[Wed, 16. Dec 2020 01:20:46 CET INFO] [MVdWPlaceholderAPI] PlotSquared added custom placeholder {plotsquared\_currentplot\_localflag\_vine-grow}
[Wed, 16. Dec 2020 01:20:46 CET INFO] [MVdWPlaceholderAPI] PlotSquared added custom placeholder {plotsquared\_currentplot\_localflag\_misc-place}
[Wed, 16. Dec 2020 01:20:46 CET INFO] [MVdWPlaceholderAPI] PlotSquared added custom placeholder {plotsquared\_currentplot\_flag\_prevent-creative-copy}
[Wed, 16. Dec 2020 01:20:46 CET INFO] [MVdWPlaceholderAPI] PlotSquared added custom placeholder {plotsquared\_currentplot\_localflag\_music}
[Wed, 16. Dec 2020 01:20:46 CET INFO] [MVdWPlaceholderAPI] PlotSquared added custom placeholder {plotsquared\_currentplot\_localflag\_guest-gamemode}
[Wed, 16. Dec 2020 01:20:46 CET INFO] [MVdWPlaceholderAPI] PlotSquared added custom placeholder {plotsquared\_has\_plot}
[Wed, 16. Dec 2020 01:20:46 CET INFO] [MVdWPlaceholderAPI] PlotSquared added custom placeholder {plotsquared\_currentplot\_flag\_mycel-grow}
[Wed, 16. Dec 2020 01:20:46 CET INFO] [MVdWPlaceholderAPI] PlotSquared added custom placeholder {plotsquared\_currentplot\_localflag\_drop-protection}
[Wed, 16. Dec 2020 01:20:46 CET INFO] [MVdWPlaceholderAPI] PlotSquared added custom placeholder {plotsquared\_currentplot\_flag\_misc-break}
[Wed, 16. Dec 2020 01:20:46 CET INFO] [MVdWPlaceholderAPI] PlotSquared added custom placeholder {plotsquared\_currentplot\_localflag\_misc-cap}
[Wed, 16. Dec 2020 01:20:46 CET INFO] [MVdWPlaceholderAPI] PlotSquared added custom placeholder {plotsquared\_currentplot\_flag\_instabreak}
[Wed, 16. Dec 2020 01:24:16 CET | ID 788550474898735126] AdventuresCraft - Live: [Wed, 16. Dec 2020 01:20:46 CET INFO] [MVdWPlaceholderAPI] PlotSquared added custom placeholder {plotsquared\_currentplot\_localflag\_ice-form}
[Wed, 16. Dec 2020 01:20:46 CET INFO] [MVdWPlaceholderAPI] PlotSquared added custom placeholder {plotsquared\_currentplot\_flag\_notify-enter}
[Wed, 16. Dec 2020 01:20:46 CET INFO] [MVdWPlaceholderAPI] PlotSquared added custom placeholder {plotsquared\_currentplot\_flag\_explosion}
[Wed, 16. Dec 2020 01:20:46 CET INFO] [MVdWPlaceholderAPI] PlotSquared added custom placeholder {plotsquared\_currentplot\_localflag\_block-ignition}
[Wed, 16. Dec 2020 01:20:46 CET INFO] [MVdWPlaceholderAPI] PlotSquared added custom placeholder {plotsquared\_currentplot\_flag\_vehicle-use}
[Wed, 16. Dec 2020 01:20:46 CET INFO] [MVdWPlaceholderAPI] PlotSquared added custom placeholder {plotsquared\_currentplot\_localflag\_keep}
[Wed, 16. Dec 2020 01:20:46 CET INFO] [MVdWPlaceholderAPI] PlotSquared added custom placeholder {plotsquared\_currentplot\_flag\_description}
[Wed, 16. Dec 2020 01:20:46 CET INFO] [MVdWPlaceholderAPI] PlotSquared added custom placeholder {plotsquared\_currentplot\_localflag\_chat}
[Wed, 16. Dec 2020 01:20:46 CET INFO] [MVdWPlaceholderAPI] PlotSquared added custom placeholder {plotsquared\_currentplot\_localflag\_vehicle-use}
[Wed, 16. Dec 2020 01:20:46 CET INFO] [MVdWPlaceholderAPI] PlotSquared added custom placeholder {plotsquared\_currentplot\_localflag\_no-worldedit}
[Wed, 16. Dec 2020 01:20:46 CET INFO] [MVdWPlaceholderAPI] PlotSquared added custom placeholder {plotsquared\_currentplot\_flag\_hide-info}
[Wed, 16. Dec 2020 01:20:46 CET INFO] [MVdWPlaceholderAPI] PlotSquared added custom placeholder {plotsquared\_currentplot\_localflag\_animal-attack}
[Wed, 16. Dec 2020 01:20:46 CET INFO] [MVdWPlaceholderAPI] PlotSquared added custom placeholder {plotsquared\_currentplot\_localflag\_soil-dry}
[Wed, 16. Dec 2020 01:24:19 CET | ID 788550474898735126] AdventuresCraft - Live: :octagonal_sign: **Server has stopped**
